{
  message: 'External API gateway listening on *:9001',
  level: 'info',
  timestamp: '2025-03-07T17:00:03.390Z'
}
{
  message: 'Internal agent server listening on *:3001',
  level: 'info',
  timestamp: '2025-03-07T17:00:03.393Z'
}
{
  message: 'Dashboard available at http://localhost:3000',
  level: 'info',
  timestamp: '2025-03-07T17:00:03.394Z'
}
{
  message: 'External API gateway listening on *:9001',
  level: 'info',
  timestamp: '2025-03-07T17:05:41.235Z'
}
{
  message: 'Internal agent server listening on *:3001',
  level: 'info',
  timestamp: '2025-03-07T17:05:41.239Z'
}
{
  message: 'Dashboard available at http://localhost:3000',
  level: 'info',
  timestamp: '2025-03-07T17:05:41.239Z'
}
{
  message: 'External API gateway listening on *:9001',
  level: 'info',
  timestamp: '2025-03-07T17:17:28.343Z'
}
{
  message: 'Internal agent server listening on *:3001',
  level: 'info',
  timestamp: '2025-03-07T17:17:28.346Z'
}
{
  message: 'Dashboard available at http://localhost:3000',
  level: 'info',
  timestamp: '2025-03-07T17:17:28.346Z'
}
{
  error: TypeError: si.currentUser is not a function
      at /home/max/nexa_ws/nexa-server/dist/index.js:129:34
      at Layer.handle [as handle_request] (/home/max/nexa_ws/nexa-server/node_modules/express/lib/router/layer.js:95:5)
      at next (/home/max/nexa_ws/nexa-server/node_modules/express/lib/router/route.js:149:13)
      at Route.dispatch (/home/max/nexa_ws/nexa-server/node_modules/express/lib/router/route.js:119:3)
      at Layer.handle [as handle_request] (/home/max/nexa_ws/nexa-server/node_modules/express/lib/router/layer.js:95:5)
      at /home/max/nexa_ws/nexa-server/node_modules/express/lib/router/index.js:284:15
      at Function.process_params (/home/max/nexa_ws/nexa-server/node_modules/express/lib/router/index.js:346:12)
      at next (/home/max/nexa_ws/nexa-server/node_modules/express/lib/router/index.js:280:10)
      at SendStream.error (/home/max/nexa_ws/nexa-server/node_modules/serve-static/index.js:121:7)
      at SendStream.emit (node:events:517:28),
  level: 'error',
  message: 'Failed to retrieve system information',
  timestamp: '2025-03-07T17:18:16.815Z'
}
{
  message: 'External API gateway listening on *:9001',
  level: 'info',
  timestamp: '2025-03-07T17:24:40.976Z'
}
{
  message: 'Internal agent server listening on *:3001',
  level: 'info',
  timestamp: '2025-03-07T17:24:40.980Z'
}
{
  message: 'Dashboard available at http://localhost:3000',
  level: 'info',
  timestamp: '2025-03-07T17:24:40.980Z'
}
{
  error: TypeError: si.currentuser is not a function
      at /home/max/nexa_ws/nexa-server/dist/index.js:129:34
      at Layer.handle [as handle_request] (/home/max/nexa_ws/nexa-server/node_modules/express/lib/router/layer.js:95:5)
      at next (/home/max/nexa_ws/nexa-server/node_modules/express/lib/router/route.js:149:13)
      at Route.dispatch (/home/max/nexa_ws/nexa-server/node_modules/express/lib/router/route.js:119:3)
      at Layer.handle [as handle_request] (/home/max/nexa_ws/nexa-server/node_modules/express/lib/router/layer.js:95:5)
      at /home/max/nexa_ws/nexa-server/node_modules/express/lib/router/index.js:284:15
      at Function.process_params (/home/max/nexa_ws/nexa-server/node_modules/express/lib/router/index.js:346:12)
      at next (/home/max/nexa_ws/nexa-server/node_modules/express/lib/router/index.js:280:10)
      at SendStream.error (/home/max/nexa_ws/nexa-server/node_modules/serve-static/index.js:121:7)
      at SendStream.emit (node:events:517:28),
  level: 'error',
  message: 'Failed to retrieve system information',
  timestamp: '2025-03-07T17:28:27.876Z'
}
{
  error: TypeError: si.currentuser is not a function
      at /home/max/nexa_ws/nexa-server/dist/index.js:129:34
      at Layer.handle [as handle_request] (/home/max/nexa_ws/nexa-server/node_modules/express/lib/router/layer.js:95:5)
      at next (/home/max/nexa_ws/nexa-server/node_modules/express/lib/router/route.js:149:13)
      at Route.dispatch (/home/max/nexa_ws/nexa-server/node_modules/express/lib/router/route.js:119:3)
      at Layer.handle [as handle_request] (/home/max/nexa_ws/nexa-server/node_modules/express/lib/router/layer.js:95:5)
      at /home/max/nexa_ws/nexa-server/node_modules/express/lib/router/index.js:284:15
      at Function.process_params (/home/max/nexa_ws/nexa-server/node_modules/express/lib/router/index.js:346:12)
      at next (/home/max/nexa_ws/nexa-server/node_modules/express/lib/router/index.js:280:10)
      at SendStream.error (/home/max/nexa_ws/nexa-server/node_modules/serve-static/index.js:121:7)
      at SendStream.emit (node:events:517:28),
  level: 'error',
  message: 'Failed to retrieve system information',
  timestamp: '2025-03-07T17:46:57.848Z'
}
{
  error: TypeError: si.currentuser is not a function
      at /home/max/nexa_ws/nexa-server/dist/index.js:129:34
      at Layer.handle [as handle_request] (/home/max/nexa_ws/nexa-server/node_modules/express/lib/router/layer.js:95:5)
      at next (/home/max/nexa_ws/nexa-server/node_modules/express/lib/router/route.js:149:13)
      at Route.dispatch (/home/max/nexa_ws/nexa-server/node_modules/express/lib/router/route.js:119:3)
      at Layer.handle [as handle_request] (/home/max/nexa_ws/nexa-server/node_modules/express/lib/router/layer.js:95:5)
      at /home/max/nexa_ws/nexa-server/node_modules/express/lib/router/index.js:284:15
      at Function.process_params (/home/max/nexa_ws/nexa-server/node_modules/express/lib/router/index.js:346:12)
      at next (/home/max/nexa_ws/nexa-server/node_modules/express/lib/router/index.js:280:10)
      at SendStream.error (/home/max/nexa_ws/nexa-server/node_modules/serve-static/index.js:121:7)
      at SendStream.emit (node:events:517:28),
  level: 'error',
  message: 'Failed to retrieve system information',
  timestamp: '2025-03-07T17:58:33.102Z'
}
{
  error: TypeError: si.currentuser is not a function
      at /home/max/nexa_ws/nexa-server/dist/index.js:129:34
      at Layer.handle [as handle_request] (/home/max/nexa_ws/nexa-server/node_modules/express/lib/router/layer.js:95:5)
      at next (/home/max/nexa_ws/nexa-server/node_modules/express/lib/router/route.js:149:13)
      at Route.dispatch (/home/max/nexa_ws/nexa-server/node_modules/express/lib/router/route.js:119:3)
      at Layer.handle [as handle_request] (/home/max/nexa_ws/nexa-server/node_modules/express/lib/router/layer.js:95:5)
      at /home/max/nexa_ws/nexa-server/node_modules/express/lib/router/index.js:284:15
      at Function.process_params (/home/max/nexa_ws/nexa-server/node_modules/express/lib/router/index.js:346:12)
      at next (/home/max/nexa_ws/nexa-server/node_modules/express/lib/router/index.js:280:10)
      at SendStream.error (/home/max/nexa_ws/nexa-server/node_modules/serve-static/index.js:121:7)
      at SendStream.emit (node:events:517:28),
  level: 'error',
  message: 'Failed to retrieve system information',
  timestamp: '2025-03-07T17:58:36.018Z'
}
