{
  message: 'External API gateway listening on *:9001',
  level: 'info',
  timestamp: '2025-03-07T16:46:35.416Z'
}
{
  message: 'Internal agent server listening on *:3001',
  level: 'info',
  timestamp: '2025-03-07T16:46:35.420Z'
}
{
  message: 'Dashboard available at http://localhost:3000',
  level: 'info',
  timestamp: '2025-03-07T16:46:35.420Z'
}
{
  message: 'External API gateway listening on *:9001',
  level: 'info',
  timestamp: '2025-03-07T16:51:31.764Z'
}
{
  message: 'Internal agent server listening on *:3001',
  level: 'info',
  timestamp: '2025-03-07T16:51:31.767Z'
}
{
  message: 'Dashboard available at http://localhost:3000',
  level: 'info',
  timestamp: '2025-03-07T16:51:31.768Z'
}
{
  message: 'External API gateway listening on *:9001',
  level: 'info',
  timestamp: '2025-03-07T16:51:49.657Z'
}
{
  message: 'Internal agent server listening on *:3001',
  level: 'info',
  timestamp: '2025-03-07T16:51:49.660Z'
}
{
  message: 'Dashboard available at http://localhost:3000',
  level: 'info',
  timestamp: '2025-03-07T16:51:49.661Z'
}
{
  error: TypeError: si.currentuser is not a function
      at /home/max/nexa_ws/nexa-server/dist/index.js:127:34
      at Layer.handle [as handle_request] (/home/max/nexa_ws/nexa-server/node_modules/express/lib/router/layer.js:95:5)
      at next (/home/max/nexa_ws/nexa-server/node_modules/express/lib/router/route.js:149:13)
      at Route.dispatch (/home/max/nexa_ws/nexa-server/node_modules/express/lib/router/route.js:119:3)
      at Layer.handle [as handle_request] (/home/max/nexa_ws/nexa-server/node_modules/express/lib/router/layer.js:95:5)
      at /home/max/nexa_ws/nexa-server/node_modules/express/lib/router/index.js:284:15
      at Function.process_params (/home/max/nexa_ws/nexa-server/node_modules/express/lib/router/index.js:346:12)
      at next (/home/max/nexa_ws/nexa-server/node_modules/express/lib/router/index.js:280:10)
      at SendStream.error (/home/max/nexa_ws/nexa-server/node_modules/serve-static/index.js:121:7)
      at SendStream.emit (node:events:517:28),
  level: 'error',
  message: 'Failed to retrieve system information',
  timestamp: '2025-03-07T16:51:53.664Z'
}
{
  error: TypeError: si.currentuser is not a function
      at /home/max/nexa_ws/nexa-server/dist/index.js:127:34
      at Layer.handle [as handle_request] (/home/max/nexa_ws/nexa-server/node_modules/express/lib/router/layer.js:95:5)
      at next (/home/max/nexa_ws/nexa-server/node_modules/express/lib/router/route.js:149:13)
      at Route.dispatch (/home/max/nexa_ws/nexa-server/node_modules/express/lib/router/route.js:119:3)
      at Layer.handle [as handle_request] (/home/max/nexa_ws/nexa-server/node_modules/express/lib/router/layer.js:95:5)
      at /home/max/nexa_ws/nexa-server/node_modules/express/lib/router/index.js:284:15
      at Function.process_params (/home/max/nexa_ws/nexa-server/node_modules/express/lib/router/index.js:346:12)
      at next (/home/max/nexa_ws/nexa-server/node_modules/express/lib/router/index.js:280:10)
      at SendStream.error (/home/max/nexa_ws/nexa-server/node_modules/serve-static/index.js:121:7)
      at SendStream.emit (node:events:517:28),
  level: 'error',
  message: 'Failed to retrieve system information',
  timestamp: '2025-03-07T16:51:56.891Z'
}
